[
  {
    "Plan": {
      "Node ID": "HashJoin",
      "Plan Rows": 6.24375,
      "Actual Rows": 8,
      "Task": "0",
      "Access Object": "",
      "Operation Info": "inner join, equal:[eq(test.t2.b, test.t3.c)]",
      "Execution Info": "time:1.85ms, loops:2, build_hash_table:{total:1.28ms, fetch:1.28ms, build:7.96µs}, probe:{concurrency:5, total:3.02ms, max:1.31ms, probe:26.2µs, fetch:2.99ms}",
      "Disk": "0 Bytes",
      "Memory": "744 Bytes",
      "Plans": [
        {
          "Node ID": "HashJoin",
          "Plan Rows": 4.995,
          "Actual Rows": 8,
          "Task": "0",
          "Access Object": "",
          "Operation Info": "inner join, equal:[eq(test.t.a, test.t2.b)]",
          "Execution Info": "time:1.19ms, loops:2, build_hash_table:{total:130µs, fetch:118.7µs, build:11.4µs}, probe:{concurrency:5, total:455.4µs, max:177.1µs, probe:105.8µs, fetch:349.6µs}",
          "Disk": "0 Bytes",
          "Memory": "8.23 KB",
          "Plans": [
            {
              "Node ID": "TableReader",
              "Plan Rows": 3.996,
              "Actual Rows": 8,
              "Task": "0",
              "Access Object": "",
              "Operation Info": "data:Selection_16",
              "Execution Info": "time:52µs, loops:2, cop_task: {num: 1, max: 611.3µs, proc_keys: 0, rpc_num: 1, rpc_time: 540µs, copr_cache_hit_ratio: 0.00}",
              "Disk": "N/A",
              "Memory": "182 Bytes",
              "Plans": [
                {
                  "Node ID": "Selection",
                  "Plan Rows": 3.996,
                  "Actual Rows": 8,
                  "Task": "1_0",
                  "Access Object": "",
                  "Operation Info": "not(isnull(test.t.a))",
                  "Execution Info": "tikv_task:{time:119.5µs, loops:8}",
                  "Disk": "N/A",
                  "Memory": "N/A",
                  "Plans": [
                    {
                      "Node ID": "TableFullScan",
                      "Plan Rows": 4,
                      "Actual Rows": 8,
                      "Task": "1_0",
                      "Access Object": "",
                      "Operation Info": "table:t, keep order:false, stats:pseudo",
                      "Execution Info": "tikv_task:{time:9.75µs, loops:8}",
                      "Disk": "N/A",
                      "Memory": "N/A",
                      "Plans": []
                    }
                  ]
                }
              ]
            },
            {
              "Node ID": "TableReader",
              "Plan Rows": 3.996,
              "Actual Rows": 4,
              "Task": "0",
              "Access Object": "",
              "Operation Info": "data:Selection_19",
              "Execution Info": "time:68.2µs, loops:2, cop_task: {num: 1, max: 311µs, proc_keys: 0, rpc_num: 1, rpc_time: 285.8µs, copr_cache_hit_ratio: 0.00}",
              "Disk": "N/A",
              "Memory": "174 Bytes",
              "Plans": [
                {
                  "Node ID": "Selection",
                  "Plan Rows": 3.996,
                  "Actual Rows": 4,
                  "Task": "1_0",
                  "Access Object": "",
                  "Operation Info": "not(isnull(test.t2.b))",
                  "Execution Info": "tikv_task:{time:18.8µs, loops:4}",
                  "Disk": "N/A",
                  "Memory": "N/A",
                  "Plans": [
                    {
                      "Node ID": "TableFullScan",
                      "Plan Rows": 4,
                      "Actual Rows": 4,
                      "Task": "1_0",
                      "Access Object": "",
                      "Operation Info": "table:t2, keep order:false, stats:pseudo",
                      "Execution Info": "tikv_task:{time:3.29µs, loops:4}",
                      "Disk": "N/A",
                      "Memory": "N/A",
                      "Plans": []
                    }
                  ]
                }
              ]
            }
          ]
        },
        {
          "Node ID": "TableReader",
          "Plan Rows": 9990,
          "Actual Rows": 4,
          "Task": "0",
          "Access Object": "",
          "Operation Info": "data:Selection_22",
          "Execution Info": "time:955.8µs, loops:2, cop_task: {num: 1, max: 1.2ms, proc_keys: 0, tot_proc: 1ms, rpc_num: 1, rpc_time: 1.19ms, copr_cache_hit_ratio: 0.00}",
          "Disk": "N/A",
          "Memory": "177 Bytes",
          "Plans": [
            {
              "Node ID": "Selection",
              "Plan Rows": 9990,
              "Actual Rows": 4,
              "Task": "1_0",
              "Access Object": "",
              "Operation Info": "not(isnull(test.t3.c))",
              "Execution Info": "tikv_task:{time:8.83µs, loops:4}",
              "Disk": "N/A",
              "Memory": "N/A",
              "Plans": [
                {
                  "Node ID": "TableFullScan",
                  "Plan Rows": 10000,
                  "Actual Rows": 4,
                  "Task": "1_0",
                  "Access Object": "",
                  "Operation Info": "table:t3, keep order:false, stats:pseudo",
                  "Execution Info": "tikv_task:{time:3.08µs, loops:4}",
                  "Disk": "N/A",
                  "Memory": "N/A",
                  "Plans": []
                }
              ]
            }
          ]
        }
      ]
    }
  }
]
